Using pre-set license
Built from '2020.3/staging' branch; Version is '2020.3.9f1 (108be757e447) revision 1084391'; Using compiler version '192528614'; Build Type 'Release'
OS: 'Windows 10 Home Single Language; OS build 19043.1237; Version 2009; 64bit' Language: 'en' Physical Memory: 8080 MB
BatchMode: 1, IsHumanControllingUs: 0, StartBugReporterOnCrash: 0, Is64bit: 1, IsPro: 0

 COMMAND LINE ARGUMENTS:
D:\Unity\2020.3.9f1\Editor\Unity.exe
-adb2
-batchMode
-noUpm
-name
AssetImportWorker1
-projectPath
D:/Docs/WordLock/WordLockUnity
-logFile
Logs/AssetImportWorker1.log
-srvPort
50104
Successfully changed project path to: D:/Docs/WordLock/WordLockUnity
D:/Docs/WordLock/WordLockUnity
Using Asset Import Pipeline V2.
Refreshing native plugins compatible for Editor in 37.18 ms, found 1 plugins.
Preloading 0 native plugins for Editor in 0.00 ms.
Initialize engine version: 2020.3.9f1 (108be757e447)
[Subsystems] Discovering subsystems at path D:/Unity/2020.3.9f1/Editor/Data/Resources/UnitySubsystems
[Subsystems] Discovering subsystems at path D:/Docs/WordLock/WordLockUnity/Assets
GfxDevice: creating device client; threaded=0
Direct3D:
    Version:  Direct3D 11.0 [level 11.1]
    Renderer: NVIDIA GeForce GTX 1050 (ID=0x1c8d)
    Vendor:   
    VRAM:     4019 MB
    Driver:   27.21.14.5148
Initialize mono
Mono path[0] = 'D:/Unity/2020.3.9f1/Editor/Data/Managed'
Mono path[1] = 'D:/Unity/2020.3.9f1/Editor/Data/MonoBleedingEdge/lib/mono/unityjit'
Mono config path = 'D:/Unity/2020.3.9f1/Editor/Data/MonoBleedingEdge/etc'
Using monoOptions --debugger-agent=transport=dt_socket,embedding=1,server=y,suspend=n,address=127.0.0.1:56816
Begin MonoManager ReloadAssembly
Registering precompiled unity dll's ...
Register platform support module: D:/Unity/2020.3.9f1/Editor/Data/PlaybackEngines/WindowsStandaloneSupport/UnityEditor.WindowsStandalone.Extensions.dll
Registered in 0.001485 seconds.
Native extension for WindowsStandalone target not found
Refreshing native plugins compatible for Editor in 41.83 ms, found 1 plugins.
Preloading 0 native plugins for Editor in 0.00 ms.
Mono: successfully reloaded assembly
- Completed reload, in  1.588 seconds
Platform modules already initialized, skipping
Registering precompiled user dll's ...
Registered in 0.000880 seconds.
Begin MonoManager ReloadAssembly
Native extension for WindowsStandalone target not found
Refreshing native plugins compatible for Editor in 36.41 ms, found 1 plugins.
Preloading 0 native plugins for Editor in 0.00 ms.
Mono: successfully reloaded assembly
- Completed reload, in  2.486 seconds
Platform modules already initialized, skipping
========================================================================
Worker process is ready to serve import requests
Launched and connected shader compiler UnityShaderCompiler.exe after 0.21 seconds
Refreshing native plugins compatible for Editor in 0.58 ms, found 1 plugins.
Preloading 0 native plugins for Editor in 0.00 ms.
Unloading 1834 Unused Serialized files (Serialized files now loaded: 0)
System memory in use before: 85.5 MB.
System memory in use after: 85.6 MB.

Unloading 19 unused Assets to reduce memory usage. Loaded Objects now: 2283.
Total: 2.191600 ms (FindLiveObjects: 0.181500 ms CreateObjectMapping: 0.054800 ms MarkObjects: 1.888200 ms  DeleteObjects: 0.066000 ms)

========================================================================
Received Import Request.
  path: Assets/story#004.png
  artifactKey: Guid(6954bd7cee86b154b98f7b5726565024) Importer(815301076,1909f56bfc062723c751e8b465ee728b)
Start importing Assets/story#004.png using Guid(6954bd7cee86b154b98f7b5726565024) Importer(815301076,1909f56bfc062723c751e8b465ee728b)  -> (artifact id: '7ab168e7bd87dbe5d2443039f15161c2') in 1.301483 seconds
  Import took 1.311130 seconds .

========================================================================
Received Import Request.
  Time since last request: 0.000754 seconds.
  path: Assets/story#006.png
  artifactKey: Guid(04663f632792b4b45b59ed5bf5097ee9) Importer(815301076,1909f56bfc062723c751e8b465ee728b)
Start importing Assets/story#006.png using Guid(04663f632792b4b45b59ed5bf5097ee9) Importer(815301076,1909f56bfc062723c751e8b465ee728b)  -> (artifact id: '494c3eb6ac96c3b922539f2f95cfefae') in 0.507888 seconds
  Import took 0.515694 seconds .

========================================================================
Received Import Request.
  Time since last request: 0.000650 seconds.
  path: Assets/story#005.png
  artifactKey: Guid(c7b6fd12f4fc5a14dbad51a1827b0447) Importer(815301076,1909f56bfc062723c751e8b465ee728b)
Start importing Assets/story#005.png using Guid(c7b6fd12f4fc5a14dbad51a1827b0447) Importer(815301076,1909f56bfc062723c751e8b465ee728b)  -> (artifact id: '92a2d487a2dab6b1fa69d31ad6d600b7') in 0.076714 seconds
  Import took 0.084529 seconds .

========================================================================
Received Import Request.
  Time since last request: 158.694079 seconds.
  path: Assets/Scenes/Level1.unity
  artifactKey: Guid(2cda990e2423bbf4892e6590ba056729) Importer(815301076,1909f56bfc062723c751e8b465ee728b)
Start importing Assets/Scenes/Level1.unity using Guid(2cda990e2423bbf4892e6590ba056729) Importer(815301076,1909f56bfc062723c751e8b465ee728b)  -> (artifact id: '5c0f0ad20b6e7e5b4b575d9c602f849a') in 0.007712 seconds
  Import took 0.053491 seconds .

========================================================================
Received Import Request.
  Time since last request: 0.073280 seconds.
  path: Assets/Scenes/Level1.unity
  artifactKey: Guid(2cda990e2423bbf4892e6590ba056729) Importer(815301076,1909f56bfc062723c751e8b465ee728b)
Start importing Assets/Scenes/Level1.unity using Guid(2cda990e2423bbf4892e6590ba056729) Importer(815301076,1909f56bfc062723c751e8b465ee728b)  -> (artifact id: '5c0f0ad20b6e7e5b4b575d9c602f849a') in 0.046488 seconds
  Import took 0.053346 seconds .

========================================================================
Received Import Request.
  Time since last request: 25.696067 seconds.
  path: Assets/Script/Boss
  artifactKey: Guid(851ab5a18404be045aca90e8415ed84f) Importer(815301076,1909f56bfc062723c751e8b465ee728b)
Start importing Assets/Script/Boss using Guid(851ab5a18404be045aca90e8415ed84f) Importer(815301076,1909f56bfc062723c751e8b465ee728b)  -> (artifact id: '9c4acc70b1ed5f5adc341d010253ca90') in 0.002781 seconds
  Import took 0.034206 seconds .

========================================================================
Received Import Request.
  Time since last request: 1.631858 seconds.
  path: Assets/Script/Boss/Level1
  artifactKey: Guid(2f6917d129c209a4ab75eb316f38ff62) Importer(815301076,1909f56bfc062723c751e8b465ee728b)
Start importing Assets/Script/Boss/Level1 using Guid(2f6917d129c209a4ab75eb316f38ff62) Importer(815301076,1909f56bfc062723c751e8b465ee728b)  -> (artifact id: '572c01a5567969fbf0c3656dd9c8ce28') in 0.002694 seconds
  Import took 0.009495 seconds .

========================================================================
Received Import Request.
  Time since last request: 2.505275 seconds.
  path: Assets/Script/Boss/Level2
  artifactKey: Guid(e52aab8b10d696b4e86fd54cb3469d10) Importer(815301076,1909f56bfc062723c751e8b465ee728b)
Start importing Assets/Script/Boss/Level2 using Guid(e52aab8b10d696b4e86fd54cb3469d10) Importer(815301076,1909f56bfc062723c751e8b465ee728b)  -> (artifact id: 'bfa45a9b456f6ee57e26f24e7b760795') in 0.032985 seconds
  Import took 0.041836 seconds .

========================================================================
Received Import Request.
  Time since last request: 7.570583 seconds.
  path: Assets/Script/Boss/BossUI.cs
  artifactKey: Guid(96510fb50d2374e4bb432a5d3fa0e6a0) Importer(815301076,1909f56bfc062723c751e8b465ee728b)
Start importing Assets/Script/Boss/BossUI.cs using Guid(96510fb50d2374e4bb432a5d3fa0e6a0) Importer(815301076,1909f56bfc062723c751e8b465ee728b)  -> (artifact id: '624f3a0131801da6513b52030d610aad') in 0.128068 seconds
  Import took 0.147820 seconds .

========================================================================
Received Import Request.
  Time since last request: 0.150304 seconds.
  path: Assets/Script/Boss/BossUI.cs
  artifactKey: Guid(96510fb50d2374e4bb432a5d3fa0e6a0) Importer(815301076,1909f56bfc062723c751e8b465ee728b)
Start importing Assets/Script/Boss/BossUI.cs using Guid(96510fb50d2374e4bb432a5d3fa0e6a0) Importer(815301076,1909f56bfc062723c751e8b465ee728b)  -> (artifact id: '624f3a0131801da6513b52030d610aad') in 0.003218 seconds
  Import took 0.010308 seconds .

========================================================================
Received Import Request.
  Time since last request: 222.712478 seconds.
  path: Assets/Scenes/MainMenu.unity
  artifactKey: Guid(a869157eb135c1d4284efa6fba480a54) Importer(815301076,1909f56bfc062723c751e8b465ee728b)
Start importing Assets/Scenes/MainMenu.unity using Guid(a869157eb135c1d4284efa6fba480a54) Importer(815301076,1909f56bfc062723c751e8b465ee728b)  -> (artifact id: '896e0863e5a6184488ef4932b2948a0a') in 0.082128 seconds
  Import took 0.146780 seconds .

========================================================================
Received Prepare
Registering precompiled user dll's ...
Registered in 0.001166 seconds.
Begin MonoManager ReloadAssembly
Native extension for WindowsStandalone target not found
Refreshing native plugins compatible for Editor in 0.39 ms, found 1 plugins.
Preloading 0 native plugins for Editor in 0.00 ms.
Mono: successfully reloaded assembly
- Completed reload, in  1.858 seconds
Platform modules already initialized, skipping
Refreshing native plugins compatible for Editor in 0.50 ms, found 1 plugins.
Preloading 0 native plugins for Editor in 0.00 ms.
Unloading 1824 Unused Serialized files (Serialized files now loaded: 0)
System memory in use before: 88.0 MB.
System memory in use after: 88.2 MB.

Unloading 8 unused Assets to reduce memory usage. Loaded Objects now: 2292.
Total: 3.188200 ms (FindLiveObjects: 0.302300 ms CreateObjectMapping: 0.090300 ms MarkObjects: 2.774400 ms  DeleteObjects: 0.019300 ms)

========================================================================
Received Prepare
Registering precompiled user dll's ...
Registered in 0.001623 seconds.
Begin MonoManager ReloadAssembly
Native extension for WindowsStandalone target not found
Refreshing native plugins compatible for Editor in 0.38 ms, found 1 plugins.
Preloading 0 native plugins for Editor in 0.00 ms.
Mono: successfully reloaded assembly
- Completed reload, in  0.937 seconds
Platform modules already initialized, skipping
Refreshing native plugins compatible for Editor in 0.36 ms, found 1 plugins.
Preloading 0 native plugins for Editor in 0.00 ms.
Unloading 1824 Unused Serialized files (Serialized files now loaded: 0)
System memory in use before: 88.1 MB.
System memory in use after: 88.2 MB.

Unloading 8 unused Assets to reduce memory usage. Loaded Objects now: 2295.
Total: 1.937000 ms (FindLiveObjects: 0.160300 ms CreateObjectMapping: 0.053900 ms MarkObjects: 1.703300 ms  DeleteObjects: 0.018400 ms)

========================================================================
Received Prepare
Registering precompiled user dll's ...
Registered in 0.001096 seconds.
Begin MonoManager ReloadAssembly
Native extension for WindowsStandalone target not found
Refreshing native plugins compatible for Editor in 0.45 ms, found 1 plugins.
Preloading 0 native plugins for Editor in 0.00 ms.
Mono: successfully reloaded assembly
- Completed reload, in  0.835 seconds
Platform modules already initialized, skipping
Refreshing native plugins compatible for Editor in 0.41 ms, found 1 plugins.
Preloading 0 native plugins for Editor in 0.00 ms.
Unloading 1825 Unused Serialized files (Serialized files now loaded: 0)
System memory in use before: 88.1 MB.
System memory in use after: 88.2 MB.

Unloading 8 unused Assets to reduce memory usage. Loaded Objects now: 2299.
Total: 1.948400 ms (FindLiveObjects: 0.187900 ms CreateObjectMapping: 0.054200 ms MarkObjects: 1.688000 ms  DeleteObjects: 0.017200 ms)

========================================================================
Received Import Request.
  Time since last request: 160.464734 seconds.
  path: Assets/Script/DefaultSceneLoader.cs
  artifactKey: Guid(48b71c2a103cb55499e7d7d6802e200a) Importer(815301076,1909f56bfc062723c751e8b465ee728b)
Start importing Assets/Script/DefaultSceneLoader.cs using Guid(48b71c2a103cb55499e7d7d6802e200a) Importer(815301076,1909f56bfc062723c751e8b465ee728b)  -> (artifact id: 'd86b74efde201316532f34d7135b2296') in 0.004985 seconds
  Import took 0.046732 seconds .

========================================================================
Received Import Request.
  Time since last request: 45.364352 seconds.
  path: Assets/Sprites/Arakata.png
  artifactKey: Guid(676087985e6e59d4e9e7e27097a15779) Importer(815301076,1909f56bfc062723c751e8b465ee728b)
Start importing Assets/Sprites/Arakata.png using Guid(676087985e6e59d4e9e7e27097a15779) Importer(815301076,1909f56bfc062723c751e8b465ee728b)  -> (artifact id: 'edb51eef618152c1a10ae6e30da3650f') in 0.403767 seconds
  Import took 0.432895 seconds .

========================================================================
Received Import Request.
  Time since last request: 0.208300 seconds.
  path: Assets/Prefabs/Arrow.prefab
  artifactKey: Guid(b8c3ab7cfc369ba4ab77be615b1871e2) Importer(815301076,1909f56bfc062723c751e8b465ee728b)
Start importing Assets/Prefabs/Arrow.prefab using Guid(b8c3ab7cfc369ba4ab77be615b1871e2) Importer(815301076,1909f56bfc062723c751e8b465ee728b)  -> (artifact id: 'c5874c00f5a09bec1dece5e2c5b73e9d') in 0.822577 seconds
  Import took 0.899299 seconds .

========================================================================
Received Import Request.
  Time since last request: 0.000746 seconds.
  path: Assets/Prefabs/Knife.prefab
  artifactKey: Guid(5e28ef7d8597fbe43877795908255cea) Importer(815301076,1909f56bfc062723c751e8b465ee728b)
Start importing Assets/Prefabs/Knife.prefab using Guid(5e28ef7d8597fbe43877795908255cea) Importer(815301076,1909f56bfc062723c751e8b465ee728b)  -> (artifact id: '501afb237f4b071846ccc35f7e2d8946') in 0.181305 seconds
  Import took 0.227579 seconds .

========================================================================
Received Import Request.
  Time since last request: 0.000976 seconds.
  path: Assets/Prefabs/lineMaterial.mat
  artifactKey: Guid(c8ca1bbb93b462f42a91f0820f0e510e) Importer(815301076,1909f56bfc062723c751e8b465ee728b)
Start importing Assets/Prefabs/lineMaterial.mat using Guid(c8ca1bbb93b462f42a91f0820f0e510e) Importer(815301076,1909f56bfc062723c751e8b465ee728b)  -> (artifact id: 'ac910a2fd23df5cfc6f41e5b6e4a5ffe') in 1.573129 seconds
  Import took 1.597228 seconds .

========================================================================
Received Import Request.
  Time since last request: 0.000749 seconds.
  path: Assets/Prefabs/TuyulMini.prefab
  artifactKey: Guid(3379ce6b74a184747aec764e7ed51948) Importer(815301076,1909f56bfc062723c751e8b465ee728b)
Start importing Assets/Prefabs/TuyulMini.prefab using Guid(3379ce6b74a184747aec764e7ed51948) Importer(815301076,1909f56bfc062723c751e8b465ee728b)  -> (artifact id: 'b8cdaf6b736bd769897c81e656849544') in 0.204264 seconds
  Import took 0.253849 seconds .

========================================================================
Received Import Request.
  Time since last request: 0.001443 seconds.
  path: Assets/Prefabs/GrabRadius.prefab
  artifactKey: Guid(1d7ed58593b808c4c96548bd051c25ab) Importer(815301076,1909f56bfc062723c751e8b465ee728b)
Start importing Assets/Prefabs/GrabRadius.prefab using Guid(1d7ed58593b808c4c96548bd051c25ab) Importer(815301076,1909f56bfc062723c751e8b465ee728b)  -> (artifact id: 'f3304e826b8d4ec56cdc0722f7ac0296') in 0.117506 seconds
  Import took 0.170658 seconds .

========================================================================
Received Import Request.
  Time since last request: 0.000885 seconds.
  path: Assets/Prefabs/Aura.prefab
  artifactKey: Guid(3b836b7095d748043a587a46b0d7d864) Importer(815301076,1909f56bfc062723c751e8b465ee728b)
Start importing Assets/Prefabs/Aura.prefab using Guid(3b836b7095d748043a587a46b0d7d864) Importer(815301076,1909f56bfc062723c751e8b465ee728b)  -> (artifact id: '92e7178c1144b0d586a8b227bf5a9cb5') in 0.052448 seconds
  Import took 0.096903 seconds .

========================================================================
Received Import Request.
  Time since last request: 0.001100 seconds.
  path: Assets/Prefabs/ParticleCollision.prefab
  artifactKey: Guid(3815a8d74063f6746a30b1dcc60e777b) Importer(815301076,1909f56bfc062723c751e8b465ee728b)
Start importing Assets/Prefabs/ParticleCollision.prefab using Guid(3815a8d74063f6746a30b1dcc60e777b) Importer(815301076,1909f56bfc062723c751e8b465ee728b)  -> (artifact id: '672f02a619ebb4f31c8beac7bb487501') in 0.043676 seconds
  Import took 0.161294 seconds .

========================================================================
Received Prepare
Registering precompiled user dll's ...
Registered in 0.000912 seconds.
Begin MonoManager ReloadAssembly
Native extension for WindowsStandalone target not found
Refreshing native plugins compatible for Editor in 0.36 ms, found 1 plugins.
Preloading 0 native plugins for Editor in 0.00 ms.
Mono: successfully reloaded assembly
- Completed reload, in  0.884 seconds
Platform modules already initialized, skipping
Refreshing native plugins compatible for Editor in 0.38 ms, found 1 plugins.
Preloading 0 native plugins for Editor in 0.00 ms.
Unloading 1825 Unused Serialized files (Serialized files now loaded: 0)
System memory in use before: 88.5 MB.
System memory in use after: 88.6 MB.

Unloading 10 unused Assets to reduce memory usage. Loaded Objects now: 2342.
Total: 2.087800 ms (FindLiveObjects: 0.189700 ms CreateObjectMapping: 0.051700 ms MarkObjects: 1.784700 ms  DeleteObjects: 0.060700 ms)

========================================================================
Received Prepare
Registering precompiled user dll's ...
Registered in 0.000955 seconds.
Begin MonoManager ReloadAssembly
Native extension for WindowsStandalone target not found
Refreshing native plugins compatible for Editor in 0.44 ms, found 1 plugins.
Preloading 0 native plugins for Editor in 0.00 ms.
Mono: successfully reloaded assembly
- Completed reload, in  0.977 seconds
Platform modules already initialized, skipping
Refreshing native plugins compatible for Editor in 0.42 ms, found 1 plugins.
Preloading 0 native plugins for Editor in 0.00 ms.
Unloading 1825 Unused Serialized files (Serialized files now loaded: 0)
System memory in use before: 88.5 MB.
System memory in use after: 88.6 MB.

Unloading 8 unused Assets to reduce memory usage. Loaded Objects now: 2345.
Total: 2.732900 ms (FindLiveObjects: 0.318100 ms CreateObjectMapping: 0.103300 ms MarkObjects: 2.289000 ms  DeleteObjects: 0.018400 ms)

AssetImportWorkerClient::OnTransportError - code=2 error=End of file
